<?xml version="1.0" encoding="UTF-8"?>
<!-- Generated by org.testng.reporters.JUnitReportReporter -->
<testsuite hostname="FDLMC2156.local" failures="0" tests="2" name="testcases.LoginTest" time="14.856" errors="0" timestamp="2022-01-23T14:36:55 IST" skipped="0">
  <testcase classname="testcases.LoginTest" name="loginWithNoCredentials" time="8.280"/>
  <system-out/>
  <testcase classname="testcases.LoginTest" name="checkPasswordError" time="6.576"/>
  <system-out/>
</testsuite> <!-- testcases.LoginTest -->
