<?xml version="1.0" encoding="UTF-8"?>
<!-- Generated by org.testng.reporters.JUnitReportReporter -->
<testsuite hostname="FDLMC2156.local" failures="0" tests="1" name="testcases.SignupTest" time="10.770" errors="0" timestamp="2022-01-23T14:36:55 IST" skipped="0">
  <testcase classname="testcases.SignupTest" name="signupWithoutDetails" time="10.770"/>
  <system-out/>
</testsuite> <!-- testcases.SignupTest -->
